{"/home/edwin/Documentos/react/02-first-steps/src/FirstStepsApp.tsx": {"path":"/home/edwin/Documentos/react/02-first-steps/src/FirstStepsApp.tsx","statementMap":{"0":{"start":{"line":8,"column":34},"end":{"line":12,"column":null}},"1":{"start":{"line":15,"column":2},"end":{"line":22,"column":null}},"2":{"start":{"line":20,"column":50},"end":{"line":22,"column":null}}},"fnMap":{"0":{"name":"FirstStepsApp","decl":{"start":{"line":14,"column":16},"end":{"line":14,"column":null}},"loc":{"start":{"line":14,"column":16},"end":{"line":30,"column":null}},"line":14},"1":{"name":"(anonymous_1)","decl":{"start":{"line":20,"column":24},"end":{"line":20,"column":25}},"loc":{"start":{"line":20,"column":50},"end":{"line":22,"column":null}},"line":20}},"branchMap":{},"s":{"0":1,"1":3,"2":9},"f":{"0":3,"1":9},"b":{},"meta":{"lastBranch":0,"lastFunction":2,"lastStatement":3,"seen":{"s:8:34:12:Infinity":0,"f:14:16:14:Infinity":0,"s:15:2:22:Infinity":1,"f:20:24:20:25":1,"s:20:50:22:Infinity":2}}}
,"/home/edwin/Documentos/react/02-first-steps/src/MyAwosemeApp.tsx": {"path":"/home/edwin/Documentos/react/02-first-steps/src/MyAwosemeApp.tsx","statementMap":{"0":{"start":{"line":3,"column":18},"end":{"line":3,"column":null}},"1":{"start":{"line":4,"column":17},"end":{"line":4,"column":null}},"2":{"start":{"line":5,"column":17},"end":{"line":5,"column":null}},"3":{"start":{"line":7,"column":16},"end":{"line":10,"column":null}},"4":{"start":{"line":12,"column":22},"end":{"line":16,"column":null}},"5":{"start":{"line":18,"column":32},"end":{"line":23,"column":null}},"6":{"start":{"line":26,"column":4},"end":{"line":41,"column":null}}},"fnMap":{"0":{"name":"MyAwosemeApp","decl":{"start":{"line":25,"column":16},"end":{"line":25,"column":null}},"loc":{"start":{"line":25,"column":16},"end":{"line":44,"column":null}},"line":25}},"branchMap":{"0":{"loc":{"start":{"line":34,"column":17},"end":{"line":34,"column":null}},"type":"cond-expr","locations":[{"start":{"line":34,"column":28},"end":{"line":34,"column":39}},{"start":{"line":34,"column":39},"end":{"line":34,"column":null}}],"line":34}},"s":{"0":1,"1":1,"2":1,"3":1,"4":1,"5":1,"6":4},"f":{"0":4},"b":{"0":[4,0]},"meta":{"lastBranch":1,"lastFunction":1,"lastStatement":7,"seen":{"s:3:18:3:Infinity":0,"s:4:17:4:Infinity":1,"s:5:17:5:Infinity":2,"s:7:16:10:Infinity":3,"s:12:22:16:Infinity":4,"s:18:32:23:Infinity":5,"f:25:16:25:Infinity":0,"s:26:4:41:Infinity":6,"b:34:28:34:39:34:39:34:Infinity":0}}}
,"/home/edwin/Documentos/react/02-first-steps/src/helpers/math.helper.ts": {"path":"/home/edwin/Documentos/react/02-first-steps/src/helpers/math.helper.ts","statementMap":{"0":{"start":{"line":1,"column":19},"end":{"line":4,"column":null}},"1":{"start":{"line":3,"column":2},"end":{"line":3,"column":null}},"2":{"start":{"line":6,"column":24},"end":{"line":8,"column":null}},"3":{"start":{"line":7,"column":2},"end":{"line":7,"column":null}},"4":{"start":{"line":10,"column":24},"end":{"line":12,"column":null}},"5":{"start":{"line":11,"column":2},"end":{"line":11,"column":null}},"6":{"start":{"line":14,"column":22},"end":{"line":16,"column":null}},"7":{"start":{"line":15,"column":2},"end":{"line":15,"column":null}}},"fnMap":{"0":{"name":"(anonymous_0)","decl":{"start":{"line":1,"column":19},"end":{"line":1,"column":20}},"loc":{"start":{"line":1,"column":31},"end":{"line":4,"column":null}},"line":1},"1":{"name":"(anonymous_1)","decl":{"start":{"line":6,"column":24},"end":{"line":6,"column":25}},"loc":{"start":{"line":6,"column":36},"end":{"line":8,"column":null}},"line":6},"2":{"name":"(anonymous_2)","decl":{"start":{"line":10,"column":24},"end":{"line":10,"column":25}},"loc":{"start":{"line":10,"column":36},"end":{"line":12,"column":null}},"line":10},"3":{"name":"(anonymous_3)","decl":{"start":{"line":14,"column":22},"end":{"line":14,"column":23}},"loc":{"start":{"line":14,"column":34},"end":{"line":16,"column":null}},"line":14}},"branchMap":{},"s":{"0":1,"1":2,"2":1,"3":2,"4":1,"5":2,"6":1,"7":1},"f":{"0":2,"1":2,"2":2,"3":1},"b":{},"meta":{"lastBranch":0,"lastFunction":4,"lastStatement":8,"seen":{"s:1:19:4:Infinity":0,"f:1:19:1:20":0,"s:3:2:3:Infinity":1,"s:6:24:8:Infinity":2,"f:6:24:6:25":1,"s:7:2:7:Infinity":3,"s:10:24:12:Infinity":4,"f:10:24:10:25":2,"s:11:2:11:Infinity":5,"s:14:22:16:Infinity":6,"f:14:22:14:23":3,"s:15:2:15:Infinity":7}}}
,"/home/edwin/Documentos/react/02-first-steps/src/shopping-cart/ItemCounter.module.css": {"path":"/home/edwin/Documentos/react/02-first-steps/src/shopping-cart/ItemCounter.module.css","statementMap":{},"fnMap":{},"branchMap":{},"s":{},"f":{},"b":{},"meta":{"lastBranch":0,"lastFunction":0,"lastStatement":0,"seen":{}}}
,"/home/edwin/Documentos/react/02-first-steps/src/shopping-cart/ItemCounter.tsx": {"path":"/home/edwin/Documentos/react/02-first-steps/src/shopping-cart/ItemCounter.tsx","statementMap":{"0":{"start":{"line":11,"column":27},"end":{"line":37,"column":null}},"1":{"start":{"line":12,"column":25},"end":{"line":12,"column":null}},"2":{"start":{"line":14,"column":20},"end":{"line":18,"column":null}},"3":{"start":{"line":15,"column":4},"end":{"line":15,"column":null}},"4":{"start":{"line":17,"column":4},"end":{"line":17,"column":null}},"5":{"start":{"line":20,"column":25},"end":{"line":23,"column":null}},"6":{"start":{"line":21,"column":4},"end":{"line":21,"column":null}},"7":{"start":{"line":21,"column":21},"end":{"line":21,"column":null}},"8":{"start":{"line":22,"column":4},"end":{"line":22,"column":null}},"9":{"start":{"line":25,"column":2},"end":{"line":33,"column":null}}},"fnMap":{"0":{"name":"(anonymous_0)","decl":{"start":{"line":11,"column":27},"end":{"line":11,"column":28}},"loc":{"start":{"line":11,"column":57},"end":{"line":37,"column":null}},"line":11},"1":{"name":"(anonymous_1)","decl":{"start":{"line":14,"column":20},"end":{"line":14,"column":null}},"loc":{"start":{"line":14,"column":20},"end":{"line":18,"column":null}},"line":14},"2":{"name":"(anonymous_2)","decl":{"start":{"line":20,"column":25},"end":{"line":20,"column":null}},"loc":{"start":{"line":20,"column":25},"end":{"line":23,"column":null}},"line":20}},"branchMap":{"0":{"loc":{"start":{"line":11,"column":36},"end":{"line":11,"column":48}},"type":"default-arg","locations":[{"start":{"line":11,"column":47},"end":{"line":11,"column":48}}],"line":11},"1":{"loc":{"start":{"line":21,"column":4},"end":{"line":21,"column":null}},"type":"if","locations":[{"start":{"line":21,"column":4},"end":{"line":21,"column":null}},{"start":{},"end":{}}],"line":21},"2":{"loc":{"start":{"line":29,"column":17},"end":{"line":29,"column":null}},"type":"cond-expr","locations":[{"start":{"line":29,"column":31},"end":{"line":29,"column":39}},{"start":{"line":29,"column":39},"end":{"line":29,"column":null}}],"line":29}},"s":{"0":1,"1":9,"2":9,"3":1,"4":1,"5":9,"6":2,"7":0,"8":2,"9":9},"f":{"0":9,"1":1,"2":2},"b":{"0":[9],"1":[0,2],"2":[3,6]},"meta":{"lastBranch":3,"lastFunction":3,"lastStatement":10,"seen":{"s:11:27:37:Infinity":0,"f:11:27:11:28":0,"b:11:47:11:48":0,"s:12:25:12:Infinity":1,"s:14:20:18:Infinity":2,"f:14:20:14:Infinity":1,"s:15:4:15:Infinity":3,"s:17:4:17:Infinity":4,"s:20:25:23:Infinity":5,"f:20:25:20:Infinity":2,"b:21:4:21:Infinity:undefined:undefined:undefined:undefined":1,"s:21:4:21:Infinity":6,"s:21:21:21:Infinity":7,"s:22:4:22:Infinity":8,"s:25:2:33:Infinity":9,"b:29:31:29:39:29:39:29:Infinity":2}}}
}
